\BOOKMARK [0][-]{bm:Copyright.0}{Copyright}{}% 1
\BOOKMARK [0][-]{bm:Dedication.0}{Dedication}{}% 2
\BOOKMARK [0][-]{bm:Acknowledge.0}{Acknowledgments}{}% 3
\BOOKMARK [0][-]{section*.3}{List of Tables}{}% 4
\BOOKMARK [0][-]{section*.5}{List of Figures}{}% 5
\BOOKMARK [0][-]{chapter.1}{1 Introduction}{}% 6
\BOOKMARK [0][-]{chapter.2}{2 Background}{}% 7
\BOOKMARK [1][-]{section.2.1}{2.1 Basic Interaction Mechanisms}{chapter.2}% 8
\BOOKMARK [2][-]{subsection.2.1.1}{2.1.1 Ion Transport}{section.2.1}% 9
\BOOKMARK [2][-]{subsection.2.1.2}{2.1.2 Electron Transport}{section.2.1}% 10
\BOOKMARK [2][-]{subsection.2.1.3}{2.1.3 Photon Transport}{section.2.1}% 11
\BOOKMARK [1][-]{section.2.2}{2.2 Basic SRAM Topology and Operation}{chapter.2}% 12
\BOOKMARK [1][-]{section.2.3}{2.3 Radiation Effects on SRAMs}{chapter.2}% 13
\BOOKMARK [2][-]{subsection.2.3.1}{2.3.1 Single-Event Upset in SRAMs}{section.2.3}% 14
\BOOKMARK [2][-]{subsection.2.3.2}{2.3.2 Low-Energy Proton-Induced SEUs}{section.2.3}% 15
\BOOKMARK [2][-]{subsection.2.3.3}{2.3.3 Muon-Induced SEUs}{section.2.3}% 16
\BOOKMARK [2][-]{subsection.2.3.4}{2.3.4 SRAM Cell Imprinting}{section.2.3}% 17
\BOOKMARK [2][-]{subsection.2.3.5}{2.3.5 Impact of Transient Radiation on SRAMs}{section.2.3}% 18
\BOOKMARK [1][-]{section.2.4}{2.4 Radiation Environments}{chapter.2}% 19
\BOOKMARK [2][-]{subsection.2.4.1}{2.4.1 Solar Particle Environment}{section.2.4}% 20
\BOOKMARK [2][-]{subsection.2.4.2}{2.4.2 Galactic Cosmic Rays}{section.2.4}% 21
\BOOKMARK [2][-]{subsection.2.4.3}{2.4.3 Trapped Particle Environments}{section.2.4}% 22
\BOOKMARK [1][-]{section.2.5}{2.5 Ionizing Particle Track Structure}{chapter.2}% 23
\BOOKMARK [0][-]{chapter.3}{3 Experimental Investigation of Electron-Induced SEUs}{}% 24
\BOOKMARK [1][-]{section.3.1}{3.1 Experimental Setup and Methods}{chapter.3}% 25
\BOOKMARK [1][-]{section.3.2}{3.2 Experimental Results}{chapter.3}% 26
\BOOKMARK [1][-]{section.3.3}{3.3 Comparison to Low-Energy Proton and Muon SEUs}{chapter.3}% 27
\BOOKMARK [0][-]{chapter.4}{4 Simulation of Electron-Induced SEUs}{}% 28
\BOOKMARK [1][-]{section.4.1}{4.1 Simulation of X-ray Energy Deposition in SRAMs}{chapter.4}% 29
\BOOKMARK [1][-]{section.4.2}{4.2 Electron-Induced SEU Event Rates}{chapter.4}% 30
\BOOKMARK [1][-]{section.4.3}{4.3 Impact of Delta-rays on Microelectronics}{chapter.4}% 31
\BOOKMARK [0][-]{chapter.5}{5 Summary and Conclusions}{}% 32
\BOOKMARK [0][-]{section*.71}{Bibliography}{}% 33
