This is pdfTeX, Version 3.1415926-2.5-1.40.14 (TeX Live 2013) (format=pdflatex 2013.5.30)  23 JAN 2014 19:47
entering extended mode
 restricted \write18 enabled.
 %&-line parsing enabled.
**king_dissertation_master.tex -recorder
(./king_dissertation_master.tex
LaTeX2e <2011/06/27>
Babel <3.9f> and hyphenation patterns for 78 languages loaded.
(./Dissertation.cls
Document Class: Dissertation 
(/usr/local/texlive/2013/texmf-dist/tex/latex/base/book.cls
Document Class: book 2007/10/19 v1.4h Standard LaTeX document class
(/usr/local/texlive/2013/texmf-dist/tex/latex/base/bk12.clo
File: bk12.clo 2007/10/19 v1.4h Standard LaTeX file (size option)
)
\c@part=\count79
\c@chapter=\count80
\c@section=\count81
\c@subsection=\count82
\c@subsubsection=\count83
\c@paragraph=\count84
\c@subparagraph=\count85
\c@figure=\count86
\c@table=\count87
\abovecaptionskip=\skip41
\belowcaptionskip=\skip42
\bibindent=\dimen102
)
(/usr/local/texlive/2013/texmf-dist/tex/latex/tools/afterpage.sty
Package: afterpage 1995/10/27 v1.08 After-Page Package (DPC)
\AP@output=\toks14
\AP@partial=\box26
\AP@footins=\box27
))
(/usr/local/texlive/2013/texmf-dist/tex/latex/comment/comment.sty
\CommentStream=\write3

Excluding comment 'comment')
(/usr/local/texlive/2013/texmf-dist/tex/latex/amsmath/amsmath.sty
Package: amsmath 2013/01/14 v2.14 AMS math features
\@mathmargin=\skip43

For additional information on amsmath, use the `?' option.
(/usr/local/texlive/2013/texmf-dist/tex/latex/amsmath/amstext.sty
Package: amstext 2000/06/29 v2.01

(/usr/local/texlive/2013/texmf-dist/tex/latex/amsmath/amsgen.sty
File: amsgen.sty 1999/11/30 v2.0
\@emptytoks=\toks15
\ex@=\dimen103
))
(/usr/local/texlive/2013/texmf-dist/tex/latex/amsmath/amsbsy.sty
Package: amsbsy 1999/11/29 v1.2d
\pmbraise@=\dimen104
)
(/usr/local/texlive/2013/texmf-dist/tex/latex/amsmath/amsopn.sty
Package: amsopn 1999/12/14 v2.01 operator names
)
\inf@bad=\count88
LaTeX Info: Redefining \frac on input line 210.
\uproot@=\count89
\leftroot@=\count90
LaTeX Info: Redefining \overline on input line 306.
\classnum@=\count91
\DOTSCASE@=\count92
LaTeX Info: Redefining \ldots on input line 378.
LaTeX Info: Redefining \dots on input line 381.
LaTeX Info: Redefining \cdots on input line 466.
\Mathstrutbox@=\box28
\strutbox@=\box29
\big@size=\dimen105
LaTeX Font Info:    Redeclaring font encoding OML on input line 566.
LaTeX Font Info:    Redeclaring font encoding OMS on input line 567.
\macc@depth=\count93
\c@MaxMatrixCols=\count94
\dotsspace@=\muskip10
\c@parentequation=\count95
\dspbrk@lvl=\count96
\tag@help=\toks16
\row@=\count97
\column@=\count98
\maxfields@=\count99
\andhelp@=\toks17
\eqnshift@=\dimen106
\alignsep@=\dimen107
\tagshift@=\dimen108
\tagwidth@=\dimen109
\totwidth@=\dimen110
\lineht@=\dimen111
\@envbody=\toks18
\multlinegap=\skip44
\multlinetaggap=\skip45
\mathdisplay@stack=\toks19
LaTeX Info: Redefining \[ on input line 2665.
LaTeX Info: Redefining \] on input line 2666.
)
(/usr/local/texlive/2013/texmf-dist/tex/latex/amscls/amsthm.sty
Package: amsthm 2004/08/06 v2.20
\thm@style=\toks20
\thm@bodyfont=\toks21
\thm@headfont=\toks22
\thm@notefont=\toks23
\thm@headpunct=\toks24
\thm@preskip=\skip46
\thm@postskip=\skip47
\thm@headsep=\skip48
\dth@everypar=\toks25
)
(/usr/local/texlive/2013/texmf-dist/tex/latex/amsfonts/amssymb.sty
Package: amssymb 2013/01/14 v3.01 AMS font symbols

(/usr/local/texlive/2013/texmf-dist/tex/latex/amsfonts/amsfonts.sty
Package: amsfonts 2013/01/14 v3.01 Basic AMSFonts support
\symAMSa=\mathgroup4
\symAMSb=\mathgroup5
LaTeX Font Info:    Overwriting math alphabet `\mathfrak' in version `bold'
(Font)                  U/euf/m/n --> U/euf/b/n on input line 106.
))
(/usr/local/texlive/2013/texmf-dist/tex/latex/tools/bm.sty
Package: bm 2004/02/26 v1.1c Bold Symbol Support (DPC/FMi)
\symboldoperators=\mathgroup6
\symboldletters=\mathgroup7
\symboldsymbols=\mathgroup8
LaTeX Font Info:    Redeclaring math alphabet \mathbf on input line 138.
LaTeX Info: Redefining \bm on input line 204.
)
(/usr/local/texlive/2013/texmf-dist/tex/latex/base/textcomp.sty
Package: textcomp 2005/09/27 v1.99g Standard LaTeX package
Package textcomp Info: Sub-encoding information:
(textcomp)               5 = only ISO-Adobe without \textcurrency
(textcomp)               4 = 5 + \texteuro
(textcomp)               3 = 4 + \textohm
(textcomp)               2 = 3 + \textestimated + \textcurrency
(textcomp)               1 = TS1 - \textcircled - \t
(textcomp)               0 = TS1 (full)
(textcomp)             Font families with sub-encoding setting implement
(textcomp)             only a restricted character set as indicated.
(textcomp)             Family '?' is the default used for unknown fonts.
(textcomp)             See the documentation for details.
Package textcomp Info: Setting ? sub-encoding to TS1/1 on input line 71.

(/usr/local/texlive/2013/texmf-dist/tex/latex/base/ts1enc.def
File: ts1enc.def 2001/06/05 v3.0e (jk/car/fm) Standard LaTeX file
)
LaTeX Info: Redefining \oldstylenums on input line 266.
Package textcomp Info: Setting cmr sub-encoding to TS1/0 on input line 281.
Package textcomp Info: Setting cmss sub-encoding to TS1/0 on input line 282.
Package textcomp Info: Setting cmtt sub-encoding to TS1/0 on input line 283.
Package textcomp Info: Setting cmvtt sub-encoding to TS1/0 on input line 284.
Package textcomp Info: Setting cmbr sub-encoding to TS1/0 on input line 285.
Package textcomp Info: Setting cmtl sub-encoding to TS1/0 on input line 286.
Package textcomp Info: Setting ccr sub-encoding to TS1/0 on input line 287.
Package textcomp Info: Setting ptm sub-encoding to TS1/4 on input line 288.
Package textcomp Info: Setting pcr sub-encoding to TS1/4 on input line 289.
Package textcomp Info: Setting phv sub-encoding to TS1/4 on input line 290.
Package textcomp Info: Setting ppl sub-encoding to TS1/3 on input line 291.
Package textcomp Info: Setting pag sub-encoding to TS1/4 on input line 292.
Package textcomp Info: Setting pbk sub-encoding to TS1/4 on input line 293.
Package textcomp Info: Setting pnc sub-encoding to TS1/4 on input line 294.
Package textcomp Info: Setting pzc sub-encoding to TS1/4 on input line 295.
Package textcomp Info: Setting bch sub-encoding to TS1/4 on input line 296.
Package textcomp Info: Setting put sub-encoding to TS1/5 on input line 297.
Package textcomp Info: Setting uag sub-encoding to TS1/5 on input line 298.
Package textcomp Info: Setting ugq sub-encoding to TS1/5 on input line 299.
Package textcomp Info: Setting ul8 sub-encoding to TS1/4 on input line 300.
Package textcomp Info: Setting ul9 sub-encoding to TS1/4 on input line 301.
Package textcomp Info: Setting augie sub-encoding to TS1/5 on input line 302.
Package textcomp Info: Setting dayrom sub-encoding to TS1/3 on input line 303.
Package textcomp Info: Setting dayroms sub-encoding to TS1/3 on input line 304.

Package textcomp Info: Setting pxr sub-encoding to TS1/0 on input line 305.
Package textcomp Info: Setting pxss sub-encoding to TS1/0 on input line 306.
Package textcomp Info: Setting pxtt sub-encoding to TS1/0 on input line 307.
Package textcomp Info: Setting txr sub-encoding to TS1/0 on input line 308.
Package textcomp Info: Setting txss sub-encoding to TS1/0 on input line 309.
Package textcomp Info: Setting txtt sub-encoding to TS1/0 on input line 310.
Package textcomp Info: Setting lmr sub-encoding to TS1/0 on input line 311.
Package textcomp Info: Setting lmdh sub-encoding to TS1/0 on input line 312.
Package textcomp Info: Setting lmss sub-encoding to TS1/0 on input line 313.
Package textcomp Info: Setting lmssq sub-encoding to TS1/0 on input line 314.
Package textcomp Info: Setting lmvtt sub-encoding to TS1/0 on input line 315.
Package textcomp Info: Setting qhv sub-encoding to TS1/0 on input line 316.
Package textcomp Info: Setting qag sub-encoding to TS1/0 on input line 317.
Package textcomp Info: Setting qbk sub-encoding to TS1/0 on input line 318.
Package textcomp Info: Setting qcr sub-encoding to TS1/0 on input line 319.
Package textcomp Info: Setting qcs sub-encoding to TS1/0 on input line 320.
Package textcomp Info: Setting qpl sub-encoding to TS1/0 on input line 321.
Package textcomp Info: Setting qtm sub-encoding to TS1/0 on input line 322.
Package textcomp Info: Setting qzc sub-encoding to TS1/0 on input line 323.
Package textcomp Info: Setting qhvc sub-encoding to TS1/0 on input line 324.
Package textcomp Info: Setting futs sub-encoding to TS1/4 on input line 325.
Package textcomp Info: Setting futx sub-encoding to TS1/4 on input line 326.
Package textcomp Info: Setting futj sub-encoding to TS1/4 on input line 327.
Package textcomp Info: Setting hlh sub-encoding to TS1/3 on input line 328.
Package textcomp Info: Setting hls sub-encoding to TS1/3 on input line 329.
Package textcomp Info: Setting hlst sub-encoding to TS1/3 on input line 330.
Package textcomp Info: Setting hlct sub-encoding to TS1/5 on input line 331.
Package textcomp Info: Setting hlx sub-encoding to TS1/5 on input line 332.
Package textcomp Info: Setting hlce sub-encoding to TS1/5 on input line 333.
Package textcomp Info: Setting hlcn sub-encoding to TS1/5 on input line 334.
Package textcomp Info: Setting hlcw sub-encoding to TS1/5 on input line 335.
Package textcomp Info: Setting hlcf sub-encoding to TS1/5 on input line 336.
Package textcomp Info: Setting pplx sub-encoding to TS1/3 on input line 337.
Package textcomp Info: Setting pplj sub-encoding to TS1/3 on input line 338.
Package textcomp Info: Setting ptmx sub-encoding to TS1/4 on input line 339.
Package textcomp Info: Setting ptmj sub-encoding to TS1/4 on input line 340.
)
(/usr/local/texlive/2013/texmf-dist/tex/latex/graphics/graphicx.sty
Package: graphicx 1999/02/16 v1.0f Enhanced LaTeX Graphics (DPC,SPQR)

(/usr/local/texlive/2013/texmf-dist/tex/latex/graphics/keyval.sty
Package: keyval 1999/03/16 v1.13 key=value parser (DPC)
\KV@toks@=\toks26
)
(/usr/local/texlive/2013/texmf-dist/tex/latex/graphics/graphics.sty
Package: graphics 2009/02/05 v1.0o Standard LaTeX Graphics (DPC,SPQR)

(/usr/local/texlive/2013/texmf-dist/tex/latex/graphics/trig.sty
Package: trig 1999/03/16 v1.09 sin cos tan (DPC)
)
(/usr/local/texlive/2013/texmf-dist/tex/latex/latexconfig/graphics.cfg
File: graphics.cfg 2010/04/23 v1.9 graphics configuration of TeX Live
)
Package graphics Info: Driver file: pdftex.def on input line 91.

(/usr/local/texlive/2013/texmf-dist/tex/latex/pdftex-def/pdftex.def
File: pdftex.def 2011/05/27 v0.06d Graphics/color for pdfTeX

(/usr/local/texlive/2013/texmf-dist/tex/generic/oberdiek/infwarerr.sty
Package: infwarerr 2010/04/08 v1.3 Providing info/warning/error messages (HO)
)
(/usr/local/texlive/2013/texmf-dist/tex/generic/oberdiek/ltxcmds.sty
Package: ltxcmds 2011/11/09 v1.22 LaTeX kernel commands for general use (HO)
)
\Gread@gobject=\count100
))
\Gin@req@height=\dimen112
\Gin@req@width=\dimen113
)
(/usr/local/texlive/2013/texmf-dist/tex/latex/fancyhdr/fancyhdr.sty
\fancy@headwidth=\skip49
\f@ncyO@elh=\skip50
\f@ncyO@erh=\skip51
\f@ncyO@olh=\skip52
\f@ncyO@orh=\skip53
\f@ncyO@elf=\skip54
\f@ncyO@erf=\skip55
\f@ncyO@olf=\skip56
\f@ncyO@orf=\skip57
)

Package Fancyhdr Warning: \fancyhead's `E' option without twoside option is use
less on input line 57.


Package Fancyhdr Warning: \fancyhead's `E' option without twoside option is use
less on input line 58.

(/usr/local/texlive/2013/texmf-dist/tex/latex/caption/caption.sty
Package: caption 2013/05/02 v3.3-89 Customizing captions (AR)

(/usr/local/texlive/2013/texmf-dist/tex/latex/caption/caption3.sty
Package: caption3 2013/05/02 v1.6-88 caption3 kernel (AR)
Package caption3 Info: TeX engine: e-TeX on input line 57.
\captionmargin=\dimen114
\captionmargin@=\dimen115
\captionwidth=\dimen116
\caption@tempdima=\dimen117
\caption@indent=\dimen118
\caption@parindent=\dimen119
\caption@hangindent=\dimen120
)
\c@ContinuedFloat=\count101
)
(/usr/local/texlive/2013/texmf-dist/tex/latex/subfigure/subfigure.sty
Package: subfigure 2002/03/15 v2.1.5 subfigure package
\subfigtopskip=\skip58
\subfigcapskip=\skip59
\subfigcaptopadj=\dimen121
\subfigbottomskip=\skip60
\subfigcapmargin=\dimen122
\subfiglabelskip=\skip61
\c@subfigure=\count102
\c@lofdepth=\count103
\c@subtable=\count104
\c@lotdepth=\count105

****************************************
* Local config file subfigure.cfg used *
****************************************
(/usr/local/texlive/2013/texmf-dist/tex/latex/subfigure/subfigure.cfg)
\subfig@top=\skip62
\subfig@bottom=\skip63
)
(/usr/local/texlive/2013/texmf-dist/tex/latex/cite/cite.sty
LaTeX Info: Redefining \cite on input line 302.
LaTeX Info: Redefining \nocite on input line 373.
Package: cite 2010/09/10  v 5.3
)
(/usr/local/texlive/2013/texmf-dist/tex/latex/subfiles/subfiles.sty
Package: subfiles 2012/05/23 Federico Garcia

(/usr/local/texlive/2013/texmf-dist/tex/latex/tools/verbatim.sty
Package: verbatim 2003/08/22 v1.5q LaTeX2e package for verbatim enhancements
\every@verbatim=\toks27
\verbatim@line=\toks28
\verbatim@in@stream=\read1
))
(/usr/local/texlive/2013/texmf-dist/tex/latex/titlesec/titlesec.sty
Package: titlesec 2011/12/15 v2.10.0 Sectioning titles
\ttl@box=\box30
\beforetitleunit=\skip64
\aftertitleunit=\skip65
\ttl@plus=\dimen123
\ttl@minus=\dimen124
\ttl@toksa=\toks29
\titlewidth=\dimen125
\titlewidthlast=\dimen126
\titlewidthfirst=\dimen127
)
(/usr/local/texlive/2013/texmf-dist/tex/latex/base/makeidx.sty
Package: makeidx 2000/03/29 v1.0m Standard LaTeX package
)
\@indexfile=\write4
\openout4 = `king_dissertation_master.idx'.


Writing index file king_dissertation_master.idx
(/usr/local/texlive/2013/texmf-dist/tex/latex/url/url.sty
\Urlmuskip=\muskip11
Package: url 2006/04/12  ver 3.3  Verb mode for urls, etc.
)
(/usr/local/texlive/2013/texmf-dist/tex/latex/tools/array.sty
Package: array 2008/09/09 v2.4c Tabular extension package (FMi)
\col@sep=\dimen128
\extrarowheight=\dimen129
\NC@list=\toks30
\extratabsurround=\skip66
\backup@length=\skip67
)
(/usr/local/texlive/2013/texmf-dist/tex/latex/hyperref/hyperref.sty
Package: hyperref 2012/11/06 v6.83m Hypertext links for LaTeX

(/usr/local/texlive/2013/texmf-dist/tex/generic/oberdiek/hobsub-hyperref.sty
Package: hobsub-hyperref 2012/05/28 v1.13 Bundle oberdiek, subset hyperref (HO)


(/usr/local/texlive/2013/texmf-dist/tex/generic/oberdiek/hobsub-generic.sty
Package: hobsub-generic 2012/05/28 v1.13 Bundle oberdiek, subset generic (HO)
Package: hobsub 2012/05/28 v1.13 Construct package bundles (HO)
Package hobsub Info: Skipping package `infwarerr' (already loaded).
Package hobsub Info: Skipping package `ltxcmds' (already loaded).
Package: ifluatex 2010/03/01 v1.3 Provides the ifluatex switch (HO)
Package ifluatex Info: LuaTeX not detected.
Package: ifvtex 2010/03/01 v1.5 Detect VTeX and its facilities (HO)
Package ifvtex Info: VTeX not detected.
Package: intcalc 2007/09/27 v1.1 Expandable calculations with integers (HO)
Package: ifpdf 2011/01/30 v2.3 Provides the ifpdf switch (HO)
Package ifpdf Info: pdfTeX in PDF mode is detected.
Package: etexcmds 2011/02/16 v1.5 Avoid name clashes with e-TeX commands (HO)
Package etexcmds Info: Could not find \expanded.
(etexcmds)             That can mean that you are not using pdfTeX 1.50 or
(etexcmds)             that some package has redefined \expanded.
(etexcmds)             In the latter case, load this package earlier.
Package: kvsetkeys 2012/04/25 v1.16 Key value parser (HO)
Package: kvdefinekeys 2011/04/07 v1.3 Define keys (HO)
Package: pdftexcmds 2011/11/29 v0.20 Utility functions of pdfTeX for LuaTeX (HO
)
Package pdftexcmds Info: LuaTeX not detected.
Package pdftexcmds Info: \pdf@primitive is available.
Package pdftexcmds Info: \pdf@ifprimitive is available.
Package pdftexcmds Info: \pdfdraftmode found.
Package: pdfescape 2011/11/25 v1.13 Implements pdfTeX's escape features (HO)
Package: bigintcalc 2012/04/08 v1.3 Expandable calculations on big integers (HO
)
Package: bitset 2011/01/30 v1.1 Handle bit-vector datatype (HO)
Package: uniquecounter 2011/01/30 v1.2 Provide unlimited unique counter (HO)
)
Package hobsub Info: Skipping package `hobsub' (already loaded).
Package: letltxmacro 2010/09/02 v1.4 Let assignment for LaTeX macros (HO)
Package: hopatch 2012/05/28 v1.2 Wrapper for package hooks (HO)
Package: xcolor-patch 2011/01/30 xcolor patch
Package: atveryend 2011/06/30 v1.8 Hooks at the very end of document (HO)
Package atveryend Info: \AP@enddocument detected (standard20110627).
Package: atbegshi 2011/10/05 v1.16 At begin shipout hook (HO)
Package: refcount 2011/10/16 v3.4 Data extraction from label references (HO)
Package: hycolor 2011/01/30 v1.7 Color options for hyperref/bookmark (HO)
)
(/usr/local/texlive/2013/texmf-dist/tex/generic/ifxetex/ifxetex.sty
Package: ifxetex 2010/09/12 v0.6 Provides ifxetex conditional
)
(/usr/local/texlive/2013/texmf-dist/tex/latex/oberdiek/auxhook.sty
Package: auxhook 2011/03/04 v1.3 Hooks for auxiliary files (HO)
)
(/usr/local/texlive/2013/texmf-dist/tex/latex/oberdiek/kvoptions.sty
Package: kvoptions 2011/06/30 v3.11 Key value format for package options (HO)
)
\@linkdim=\dimen130
\Hy@linkcounter=\count106
\Hy@pagecounter=\count107

(/usr/local/texlive/2013/texmf-dist/tex/latex/hyperref/pd1enc.def
File: pd1enc.def 2012/11/06 v6.83m Hyperref: PDFDocEncoding definition (HO)
)
\Hy@SavedSpaceFactor=\count108

(/usr/local/texlive/2013/texmf-dist/tex/latex/latexconfig/hyperref.cfg
File: hyperref.cfg 2002/06/06 v1.2 hyperref configuration of TeXLive
)
Package hyperref Info: Option `bookmarksnumbered' set `true' on input line 4319
.
Package hyperref Info: Option `pdfpagelabels' set `true' on input line 4319.
Package hyperref Info: Option `plainpages' set `false' on input line 4319.
Package hyperref Info: Option `colorlinks' set `true' on input line 4319.
Package hyperref Info: Hyper figures OFF on input line 4443.
Package hyperref Info: Link nesting OFF on input line 4448.
Package hyperref Info: Hyper index ON on input line 4451.
Package hyperref Info: Plain pages OFF on input line 4458.
Package hyperref Info: Backreferencing OFF on input line 4463.
Package hyperref Info: Implicit mode ON; LaTeX internals redefined.
Package hyperref Info: Bookmarks ON on input line 4688.
\c@Hy@tempcnt=\count109
LaTeX Info: Redefining \url on input line 5041.
\XeTeXLinkMargin=\dimen131
\Fld@menulength=\count110
\Field@Width=\dimen132
\Fld@charsize=\dimen133
Package hyperref Info: Hyper figures OFF on input line 6295.
Package hyperref Info: Link nesting OFF on input line 6300.
Package hyperref Info: Hyper index ON on input line 6303.
Package hyperref Info: backreferencing OFF on input line 6310.
Package hyperref Info: Link coloring ON on input line 6313.
Package hyperref Info: Link coloring with OCG OFF on input line 6320.
Package hyperref Info: PDF/A mode OFF on input line 6325.
LaTeX Info: Redefining \ref on input line 6365.
LaTeX Info: Redefining \pageref on input line 6369.
\Hy@abspage=\count111
\c@Item=\count112
\c@Hfootnote=\count113
)

Package hyperref Message: Driver (autodetected): hpdftex.

(/usr/local/texlive/2013/texmf-dist/tex/latex/hyperref/hpdftex.def
File: hpdftex.def 2012/11/06 v6.83m Hyperref driver for pdfTeX
\Fld@listcount=\count114
\c@bookmark@seq@number=\count115

(/usr/local/texlive/2013/texmf-dist/tex/latex/oberdiek/rerunfilecheck.sty
Package: rerunfilecheck 2011/04/15 v1.7 Rerun checks for auxiliary files (HO)
Package uniquecounter Info: New unique counter `rerunfilecheck' on input line 2
82.
)
\Hy@SectionHShift=\skip68
)
(./king_dissertation_master.aux (./tex/chap_1.aux) (./tex/chap_2.aux)
(./tex/chap_3.aux) (./tex/chap_4.aux) (./tex/chap_5.aux))
\openout1 = `king_dissertation_master.aux'.

LaTeX Font Info:    Checking defaults for OML/cmm/m/it on input line 162.
LaTeX Font Info:    ... okay on input line 162.
LaTeX Font Info:    Checking defaults for T1/cmr/m/n on input line 162.
LaTeX Font Info:    ... okay on input line 162.
LaTeX Font Info:    Checking defaults for OT1/cmr/m/n on input line 162.
LaTeX Font Info:    ... okay on input line 162.
LaTeX Font Info:    Checking defaults for OMS/cmsy/m/n on input line 162.
LaTeX Font Info:    ... okay on input line 162.
LaTeX Font Info:    Checking defaults for OMX/cmex/m/n on input line 162.
LaTeX Font Info:    ... okay on input line 162.
LaTeX Font Info:    Checking defaults for U/cmr/m/n on input line 162.
LaTeX Font Info:    ... okay on input line 162.
LaTeX Font Info:    Checking defaults for TS1/cmr/m/n on input line 162.
LaTeX Font Info:    Try loading font information for TS1+cmr on input line 162.


(/usr/local/texlive/2013/texmf-dist/tex/latex/base/ts1cmr.fd
File: ts1cmr.fd 1999/05/25 v2.5h Standard LaTeX font definitions
)
LaTeX Font Info:    ... okay on input line 162.
LaTeX Font Info:    Checking defaults for PD1/pdf/m/n on input line 162.
LaTeX Font Info:    ... okay on input line 162.

(/usr/local/texlive/2013/texmf-dist/tex/context/base/supp-pdf.mkii
[Loading MPS to PDF converter (version 2006.09.02).]
\scratchcounter=\count116
\scratchdimen=\dimen134
\scratchbox=\box31
\nofMPsegments=\count117
\nofMParguments=\count118
\everyMPshowfont=\toks31
\MPscratchCnt=\count119
\MPscratchDim=\dimen135
\MPnumerator=\count120
\makeMPintoPDFobject=\count121
\everyMPtoPDFconversion=\toks32
) (/usr/local/texlive/2013/texmf-dist/tex/latex/oberdiek/epstopdf-base.sty
Package: epstopdf-base 2010/02/09 v2.5 Base part for package epstopdf

(/usr/local/texlive/2013/texmf-dist/tex/latex/oberdiek/grfext.sty
Package: grfext 2010/08/19 v1.1 Manage graphics extensions (HO)
)
Package grfext Info: Graphics extension search list:
(grfext)             [.png,.pdf,.jpg,.mps,.jpeg,.jbig2,.jb2,.PNG,.PDF,.JPG,.JPE
G,.JBIG2,.JB2,.eps]
(grfext)             \AppendGraphicsExtensions on input line 452.

(/usr/local/texlive/2013/texmf-dist/tex/latex/latexconfig/epstopdf-sys.cfg
File: epstopdf-sys.cfg 2010/07/13 v1.3 Configuration of (r)epstopdf for TeX Liv
e
))
Package caption Info: Begin \AtBeginDocument code.
Package caption Info: hyperref package is loaded.
Package caption Info: subfigure package is loaded.
Package caption Info: End \AtBeginDocument code.
\AtBeginShipoutBox=\box32

(/usr/local/texlive/2013/texmf-dist/tex/latex/graphics/color.sty
Package: color 2005/11/14 v1.0j Standard LaTeX Color (DPC)

(/usr/local/texlive/2013/texmf-dist/tex/latex/latexconfig/color.cfg
File: color.cfg 2007/01/18 v1.5 color configuration of teTeX/TeXLive
)
Package color Info: Driver file: pdftex.def on input line 130.
)
Package hyperref Info: Link coloring ON on input line 162.

(/usr/local/texlive/2013/texmf-dist/tex/latex/hyperref/nameref.sty
Package: nameref 2012/10/27 v2.43 Cross-referencing by name of section

(/usr/local/texlive/2013/texmf-dist/tex/generic/oberdiek/gettitlestring.sty
Package: gettitlestring 2010/12/03 v1.4 Cleanup title references (HO)
)
\c@section@level=\count122
)
LaTeX Info: Redefining \ref on input line 162.
LaTeX Info: Redefining \pageref on input line 162.
LaTeX Info: Redefining \nameref on input line 162.

(./king_dissertation_master.out) (./king_dissertation_master.out)
\@outlinefile=\write5
\openout5 = `king_dissertation_master.out'.

 [1


{/usr/local/texlive/2013/texmf-var/fonts/map/pdftex/updmap/pdftex.map}] [2

] [3

] [4

]
[5] (./king_dissertation_master.toc
LaTeX Font Info:    Try loading font information for U+msa on input line 5.

(/usr/local/texlive/2013/texmf-dist/tex/latex/amsfonts/umsa.fd
File: umsa.fd 2013/01/14 v3.01 AMS symbols A
)
LaTeX Font Info:    Try loading font information for U+msb on input line 5.

(/usr/local/texlive/2013/texmf-dist/tex/latex/amsfonts/umsb.fd
File: umsb.fd 2013/01/14 v3.01 AMS symbols B
) [6




])
\tf@toc=\write6
\openout6 = `king_dissertation_master.toc'.

 [7]
(./king_dissertation_master.lot)
\tf@lot=\write7
\openout7 = `king_dissertation_master.lot'.

 [8



] (./king_dissertation_master.lof [9



]
[10]
Overfull \hbox (6.6992pt too wide) in paragraph at lines 46--46
 [][] [][][][][]\OT1/cmr/m/n/12 2.40(a)[][] Cross-sectional TEM im-age show-ing
 thin com-pos-ite oxide-nitride 
 []

Missing character: There is no Â in font cmr12!
Missing character: There is no ® in font cmr12!
[11] [12]
Overfull \hbox (0.24223pt too wide) in paragraph at lines 67--67
 [][] [][][]\OT1/cmr/m/n/12 Differential elec-tron flux for un-shielded, 100 mi
ls, 730 mils, and 870 mils 
 []

[13])
\tf@lof=\write8
\openout8 = `king_dissertation_master.lof'.

 [14] [15]
\openout2 = `tex/chap_1.aux'.

 (./tex/chap_1.tex
Chapter 1.
[1





] [2]) [3] [4]
\openout2 = `tex/chap_2.aux'.

 (./tex/chap_2.tex
Chapter 2.
[5



] [6] [7] [8] [9]
<./images/stopping_vs_energy_mass.pdf, id=682, 1445.4pt x 1084.05pt>
File: ./images/stopping_vs_energy_mass.pdf Graphic file (type pdf)

<use ./images/stopping_vs_energy_mass.pdf>
Package pdftex.def Info: ./images/stopping_vs_energy_mass.pdf used on input lin
e 94.
(pdftex.def)             Requested size: 361.34999pt x 271.01184pt.
 [10]
<./images/range_vs_energy-mass.pdf, id=703, 1445.4pt x 1084.05pt>
File: ./images/range_vs_energy-mass.pdf Graphic file (type pdf)

<use ./images/range_vs_energy-mass.pdf>
Package pdftex.def Info: ./images/range_vs_energy-mass.pdf used on input line 1
20.
(pdftex.def)             Requested size: 361.34999pt x 271.01184pt.
 [11 <./images/stopping_vs_energy_mass.pdf>] [12 <./images/range_vs_energy-mass
.pdf>]
<./images/delta-ray-scattering-salvat.png, id=752, 443.6575pt x 194.7275pt>
File: ./images/delta-ray-scattering-salvat.png Graphic file (type png)

<use ./images/delta-ray-scattering-salvat.png>
Package pdftex.def Info: ./images/delta-ray-scattering-salvat.png used on input
 line 148.
(pdftex.def)             Requested size: 361.34999pt x 158.59898pt.
 [13] [14 <./images/delta-ray-scattering-salvat.png>] [15]
<./images/electrons-csda-range.png, id=790, 700.6175pt x 491.8375pt>
File: ./images/electrons-csda-range.png Graphic file (type png)

<use ./images/electrons-csda-range.png>
Package pdftex.def Info: ./images/electrons-csda-range.png used on input line 1
92.
(pdftex.def)             Requested size: 361.34999pt x 253.67062pt.
 [16 <./images/electrons-csda-range.png (PNG copy)>]
<./images/gamma_energy_vs_matz.png, id=806, 1394.20876pt x 919.435pt>
File: ./images/gamma_energy_vs_matz.png Graphic file (type png)

<use ./images/gamma_energy_vs_matz.png>
Package pdftex.def Info: ./images/gamma_energy_vs_matz.png used on input line 2
13.
(pdftex.def)             Requested size: 361.34999pt x 238.28987pt.
 [17]
<./images/photoabsorption.pdf, id=816, 807.015pt x 565.11125pt>
File: ./images/photoabsorption.pdf Graphic file (type pdf)

<use ./images/photoabsorption.pdf>
Package pdftex.def Info: ./images/photoabsorption.pdf used on input line 235.
(pdftex.def)             Requested size: 325.215pt x 227.73058pt.

<./images/compton_scattering_diagram2.png, id=819, 1131.22626pt x 551.05875pt>
File: ./images/compton_scattering_diagram2.png Graphic file (type png)

<use ./images/compton_scattering_diagram2.png>
Package pdftex.def Info: ./images/compton_scattering_diagram2.png used on input
 line 243.
(pdftex.def)             Requested size: 361.34999pt x 176.02287pt.
 [18 <./images/gamma_energy_vs_matz.png>] [19 <./images/photoabsorption.pdf>]
<./images/photon_scat_cross_section.pdf, id=850, 1445.4pt x 1084.05pt>
File: ./images/photon_scat_cross_section.pdf Graphic file (type pdf)

<use ./images/photon_scat_cross_section.pdf>
Package pdftex.def Info: ./images/photon_scat_cross_section.pdf used on input l
ine 277.
(pdftex.def)             Requested size: 361.34999pt x 271.01184pt.
 [20 <./images/compton_scattering_diagram2.png>] [21 <./images/photon_scat_cros
s_section.pdf>]
<./images/SRAM_Cell_(6_Transistors).pdf, id=879, 988.69376pt x 769.87625pt>
File: ./images/SRAM_Cell_(6_Transistors).pdf Graphic file (type pdf)

<use ./images/SRAM_Cell_(6_Transistors).pdf>
Package pdftex.def Info: ./images/SRAM_Cell_(6_Transistors).pdf used on input l
ine 307.
(pdftex.def)             Requested size: 325.215pt x 253.23763pt.
 [22 <./images/SRAM_Cell_(6_Transistors).pdf>]
<./images/haran_snm_butterfly_curves.pdf, id=898, 904.37875pt x 720.6925pt>
File: ./images/haran_snm_butterfly_curves.pdf Graphic file (type pdf)

<use ./images/haran_snm_butterfly_curves.pdf>
Package pdftex.def Info: ./images/haran_snm_butterfly_curves.pdf used on input 
line 334.
(pdftex.def)             Requested size: 361.34999pt x 287.95299pt.
 [23] [24 <./images/haran_snm_butterfly_curves.pdf>] [25] [26]
<./images/qcrit_concept.pdf, id=953, 280.04625pt x 416.55624pt>
File: ./images/qcrit_concept.pdf Graphic file (type pdf)

<use ./images/qcrit_concept.pdf>
Package pdftex.def Info: ./images/qcrit_concept.pdf used on input line 387.
(pdftex.def)             Requested size: 289.07999pt x 430.01114pt.
 [27] [28 <./images/qcrit_concept.pdf>]
<./images/buehler_qcrit_vdd_dep.pdf, id=1001, 748.7975pt x 632.3625pt>
File: ./images/buehler_qcrit_vdd_dep.pdf Graphic file (type pdf)

<use ./images/buehler_qcrit_vdd_dep.pdf>
Package pdftex.def Info: ./images/buehler_qcrit_vdd_dep.pdf used on input line 
416.
(pdftex.def)             Requested size: 361.34999pt x 305.16124pt.

<./images/barak_seu_bias_dep_2.pdf, id=1017, 898.35625pt x 712.6625pt>
File: ./images/barak_seu_bias_dep_2.pdf Graphic file (type pdf)

<use ./images/barak_seu_bias_dep_2.pdf>
Package pdftex.def Info: ./images/barak_seu_bias_dep_2.pdf used on input line 4
36.
(pdftex.def)             Requested size: 361.34999pt x 286.65848pt.
 [29] [30 <./images/buehler_qcrit_vdd_dep.pdf>] <./images/qcrit_trends.pdf, id=
1040, 400.49625pt x 290.08376pt>
File: ./images/qcrit_trends.pdf Graphic file (type pdf)

<use ./images/qcrit_trends.pdf>
Package pdftex.def Info: ./images/qcrit_trends.pdf used on input line 445.
(pdftex.def)             Requested size: 361.34999pt x 261.74576pt.
 [31 <./images/barak_seu_bias_dep_2.pdf>]
[32 <./images/qcrit_trends.pdf>]
<./images/sram_cell_failures_proton_angle.pdf, id=1101, 943.525pt x 734.745pt>
File: ./images/sram_cell_failures_proton_angle.pdf Graphic file (type pdf)

<use ./images/sram_cell_failures_proton_angle.pdf>
Package pdftex.def Info: ./images/sram_cell_failures_proton_angle.pdf used on i
nput line 480.
(pdftex.def)             Requested size: 361.34999pt x 281.3922pt.
 [33] [34 <./images/sram_cell_failures_proton_angle.pdf>]
<./images/proton_upset_cs_vs_energy.pdf, id=1138, 927.465pt x 737.75626pt>
File: ./images/proton_upset_cs_vs_energy.pdf Graphic file (type pdf)

<use ./images/proton_upset_cs_vs_energy.pdf>
Package pdftex.def Info: ./images/proton_upset_cs_vs_energy.pdf used on input l
ine 494.
(pdftex.def)             Requested size: 361.34999pt x 287.44235pt.
 [35 <./images/proton_upset_cs_vs_energy.pdf>]
<./images/65nm_sram_vdd_dep.pdf, id=1156, 936.49875pt x 763.85374pt>
File: ./images/65nm_sram_vdd_dep.pdf Graphic file (type pdf)

<use ./images/65nm_sram_vdd_dep.pdf>
Package pdftex.def Info: ./images/65nm_sram_vdd_dep.pdf used on input line 511.

(pdftex.def)             Requested size: 361.34999pt x 294.74313pt.
 [36 <./images/65nm_sram_vdd_dep.pdf>]
[37]
<./images/stopping_power_proton_muon_sier_diss.pdf, id=1202, 1171.37625pt x 818
.05624pt>
File: ./images/stopping_power_proton_muon_sier_diss.pdf Graphic file (type pdf)

 <use ./images/stopping_power_proton_muon_sier_diss.pdf>
Package pdftex.def Info: ./images/stopping_power_proton_muon_sier_diss.pdf used
 on input line 549.
(pdftex.def)             Requested size: 325.215pt x 227.11938pt.
 [38]
<./images/muon_upsets_tech_generation.png, id=1212, 776.9025pt x 797.98125pt>
File: ./images/muon_upsets_tech_generation.png Graphic file (type png)

<use ./images/muon_upsets_tech_generation.png>
Package pdftex.def Info: ./images/muon_upsets_tech_generation.png used on input
 line 565.
(pdftex.def)             Requested size: 325.215pt x 334.0418pt.
 [39 <./images/stopping_power_proton_muon_sier_diss.pdf>] [40 <./images/muon_up
sets_tech_generation.png>]
<./images/muon_upsets_vdd_dep.pdf, id=1241, 890.32625pt x 604.2575pt>
File: ./images/muon_upsets_vdd_dep.pdf Graphic file (type pdf)

<use ./images/muon_upsets_vdd_dep.pdf>
Package pdftex.def Info: ./images/muon_upsets_vdd_dep.pdf used on input line 58
3.
(pdftex.def)             Requested size: 325.215pt x 220.72273pt.
 [41 <./images/muon_upsets_vdd_dep.pdf>]
[42]
<./images/fleetwood_nmos_irrad_imbalance.pdf, id=1284, 1215.54124pt x 883.3pt>
File: ./images/fleetwood_nmos_irrad_imbalance.pdf Graphic file (type pdf)

<use ./images/fleetwood_nmos_irrad_imbalance.pdf>
Package pdftex.def Info: ./images/fleetwood_nmos_irrad_imbalance.pdf used on in
put line 616.
(pdftex.def)             Requested size: 361.34999pt x 262.57947pt.
 [43 <./images/fleetwood_nmos_irrad_imbalance.pdf>]
<./images/fleetwood_nmos_irrad_imbalance_cases.pdf, id=1304, 1156.32pt x 820.06
375pt>
File: ./images/fleetwood_nmos_irrad_imbalance_cases.pdf Graphic file (type pdf)

 <use ./images/fleetwood_nmos_irrad_imbalance_cases.pdf>
Package pdftex.def Info: ./images/fleetwood_nmos_irrad_imbalance_cases.pdf used
 on input line 633.
(pdftex.def)             Requested size: 361.34999pt x 256.26929pt.
 [44 <./images/fleetwood_nmos_irrad_imbalance_cases.pdf>]
<./images/barnaby_sti_leakage_tid.pdf, id=1327, 973.6375pt x 742.775pt>
File: ./images/barnaby_sti_leakage_tid.pdf Graphic file (type pdf)

<use ./images/barnaby_sti_leakage_tid.pdf>
Package pdftex.def Info: ./images/barnaby_sti_leakage_tid.pdf used on input lin
e 648.
(pdftex.def)             Requested size: 325.215pt x 248.09729pt.
 [45 <./images/barnaby_sti_leakage_tid.pdf>]
<./images/snm_shift_postrad_yao_etal.pdf, id=1355, 843.15pt x 737.75626pt>
File: ./images/snm_shift_postrad_yao_etal.pdf Graphic file (type pdf)

<use ./images/snm_shift_postrad_yao_etal.pdf>
Package pdftex.def Info: ./images/snm_shift_postrad_yao_etal.pdf used on input 
line 668.
(pdftex.def)             Requested size: 361.34999pt x 316.18208pt.
 [46]
<./images/sram_switch_pnt_yao_etal.pdf, id=1374, 942.52126pt x 621.32124pt>
File: ./images/sram_switch_pnt_yao_etal.pdf Graphic file (type pdf)

<use ./images/sram_switch_pnt_yao_etal.pdf>
Package pdftex.def Info: ./images/sram_switch_pnt_yao_etal.pdf used on input li
ne 684.
(pdftex.def)             Requested size: 289.07999pt x 190.55978pt.

<./images/sram_switch_pnt_postrad_yao_etal.pdf, id=1375, 942.52126pt x 691.5837
6pt>
File: ./images/sram_switch_pnt_postrad_yao_etal.pdf Graphic file (type pdf)
 <use ./images/sram_switch_pnt_postrad_yao_etal.pdf>
Package pdftex.def Info: ./images/sram_switch_pnt_postrad_yao_etal.pdf used on 
input line 689.
(pdftex.def)             Requested size: 289.07999pt x 212.10936pt.
 [47 <./images/snm_shift_postrad_yao_etal.pdf>] [48 <./images/sram_switch_pnt_y
ao_etal.pdf> <./images/sram_switch_pnt_postrad_yao_etal.pdf>]
<./images/photocurrents_local_well_bulk.pdf, id=1429, 950.55125pt x 755.82375pt
>
File: ./images/photocurrents_local_well_bulk.pdf Graphic file (type pdf)
 <use ./images/photocurrents_local_well_bulk.pdf>
Package pdftex.def Info: ./images/photocurrents_local_well_bulk.pdf used on inp
ut line 721.
(pdftex.def)             Requested size: 289.07999pt x 229.86276pt.

<./images/photocurrents_local_well.pdf, id=1430, 956.57375pt x 754.82pt>
File: ./images/photocurrents_local_well.pdf Graphic file (type pdf)

<use ./images/photocurrents_local_well.pdf>
Package pdftex.def Info: ./images/photocurrents_local_well.pdf used on input li
ne 725.
(pdftex.def)             Requested size: 289.07999pt x 228.10628pt.
 [49]
<./images/SRAM_array_interconnect_resistance.pdf, id=1445, 777.90625pt x 608.27
25pt>
File: ./images/SRAM_array_interconnect_resistance.pdf Graphic file (type pdf)
 <use ./images/SRAM_array_interconnect_resistance.pdf>
Package pdftex.def Info: ./images/SRAM_array_interconnect_resistance.pdf used o
n input line 740.
(pdftex.def)             Requested size: 325.215pt x 254.30324pt.

<./images/mass_vss_railspan_collapse_bitmap.pdf, id=1451, 312.16624pt x 865.232
5pt>
File: ./images/mass_vss_railspan_collapse_bitmap.pdf Graphic file (type pdf)
 <use ./images/mass_vss_railspan_collapse_bitmap.pdf>
Package pdftex.def Info: ./images/mass_vss_railspan_collapse_bitmap.pdf used on
 input line 752.
(pdftex.def)             Requested size: 156.44475pt x 433.62pt.

Underfull \hbox (badness 4024) in paragraph at lines 754--754
[]\OT1/cmr/bx/n/12 Figure 2.28 |\OT1/cmr/m/n/12 Up-set bit-map with no pre-test
 to-tal dose for (a)
 []

[50] [51 <./images/photocurrents_local_well_bulk.pdf> <./images/photocurrents_l
ocal_well.pdf>] [52 <./images/SRAM_array_interconnect_resistance.pdf>] [53 <./i
mages/mass_vss_railspan_collapse_bitmap.pdf>] [54] [55]
<./images/xapsos_proton_fluence_vs_year_SPE.pdf, id=1535, 976.64874pt x 671.508
74pt>
File: ./images/xapsos_proton_fluence_vs_year_SPE.pdf Graphic file (type pdf)
 <use ./images/xapsos_proton_fluence_vs_year_SPE.pdf>
Package pdftex.def Info: ./images/xapsos_proton_fluence_vs_year_SPE.pdf used on
 input line 807.
(pdftex.def)             Requested size: 361.34999pt x 248.45435pt.

<./images/sierawski_spe_geo_worst_day_100_mils.pdf, id=1541, 829.0975pt x 499.8
675pt>
File: ./images/sierawski_spe_geo_worst_day_100_mils.pdf Graphic file (type pdf)

 <use ./images/sierawski_spe_geo_worst_day_100_mils.pdf>
Package pdftex.def Info: ./images/sierawski_spe_geo_worst_day_100_mils.pdf used
 on input line 822.
(pdftex.def)             Requested size: 361.34999pt x 217.8601pt.
 [56 <./images/xapsos_proton_fluence_vs_year_SPE.pdf>]
<./images/xapsos-gcr-abundance-vs-atomic-num.pdf, id=1558, 635.37375pt x 821.06
75pt>
File: ./images/xapsos-gcr-abundance-vs-atomic-num.pdf Graphic file (type pdf)
 <use ./images/xapsos-gcr-abundance-vs-atomic-num.pdf>
Package pdftex.def Info: ./images/xapsos-gcr-abundance-vs-atomic-num.pdf used o
n input line 842.
(pdftex.def)             Requested size: 335.5443pt x 433.62pt.
 [57 <./images/sierawski_spe_geo_worst_day_100_mils.pdf>]
<./images/xapsos_gcr_fluence_vs_energy.pdf, id=1576, 1050.92625pt x 809.0225pt>
File: ./images/xapsos_gcr_fluence_vs_energy.pdf Graphic file (type pdf)
<use ./images/xapsos_gcr_fluence_vs_energy.pdf>
Package pdftex.def Info: ./images/xapsos_gcr_fluence_vs_energy.pdf used on inpu
t line 858.
(pdftex.def)             Requested size: 361.34999pt x 278.17487pt.
 [58] [59 <./images/xapsos-gcr-abundance-vs-atomic-num.pdf>] [60 <./images/xaps
os_gcr_fluence_vs_energy.pdf>]
[61] <./images/xapsos_elec_spec_earth.pdf, id=1629, 1056.94875pt x 670.505pt>
File: ./images/xapsos_elec_spec_earth.pdf Graphic file (type pdf)

<use ./images/xapsos_elec_spec_earth.pdf>
Package pdftex.def Info: ./images/xapsos_elec_spec_earth.pdf used on input line
 898.
(pdftex.def)             Requested size: 361.34999pt x 229.22711pt.

<./images/xapsos_trapped_proton_env_earth.pdf, id=1632, 1114.1625pt x 697.60625
pt>
File: ./images/xapsos_trapped_proton_env_earth.pdf Graphic file (type pdf)
 <use ./images/xapsos_trapped_proton_env_earth.pdf>
Package pdftex.def Info: ./images/xapsos_trapped_proton_env_earth.pdf used on i
nput line 905.
(pdftex.def)             Requested size: 361.34999pt x 226.25098pt.

<./images/xapsos_elec_geo_flux_vs_year_energy_curves.pdf, id=1635, 1107.13625pt
 x 776.9025pt>
File: ./images/xapsos_elec_geo_flux_vs_year_energy_curves.pdf Graphic file (typ
e pdf)
 <use ./images/xapsos_elec_geo_flux_vs_year_energy_curves.pdf>
Package pdftex.def Info: ./images/xapsos_elec_geo_flux_vs_year_energy_curves.pd
f used on input line 912.
(pdftex.def)             Requested size: 361.34999pt x 253.56908pt.

[62 <./images/xapsos_elec_spec_earth.pdf>] [63 <./images/xapsos_trapped_proton_
env_earth.pdf>] [64 <./images/xapsos_elec_geo_flux_vs_year_energy_curves.pdf>]
<./images/gire2-line-plots-diffflux-jovianradii.pdf, id=1690, 819.06pt x 555.07
375pt>
File: ./images/gire2-line-plots-diffflux-jovianradii.pdf Graphic file (type pdf
)
 <use ./images/gire2-line-plots-diffflux-jovianradii.pdf>
Package pdftex.def Info: ./images/gire2-line-plots-diffflux-jovianradii.pdf use
d on input line 944.
(pdftex.def)             Requested size: 361.34999pt x 244.88536pt.

<./images/nasa-jovian-missions-elec-env.pdf, id=1693, 1445.4pt x 1084.05pt>
File: ./images/nasa-jovian-missions-elec-env.pdf Graphic file (type pdf)

<use ./images/nasa-jovian-missions-elec-env.pdf>
Package pdftex.def Info: ./images/nasa-jovian-missions-elec-env.pdf used on inp
ut line 951.
(pdftex.def)             Requested size: 361.34999pt x 271.01184pt.
 [65 <./images/gire2-line-plots-diffflux-jovianradii.pdf>] [66 <./images/nasa-j
ovian-missions-elec-env.pdf>]
<./images/katz_dose_in_emulsion.pdf, id=1736, 464.73625pt x 880.28876pt>
File: ./images/katz_dose_in_emulsion.pdf Graphic file (type pdf)

<use ./images/katz_dose_in_emulsion.pdf>
Package pdftex.def Info: ./images/katz_dose_in_emulsion.pdf used on input line 
988.
(pdftex.def)             Requested size: 286.16211pt x 542.025pt.
 [67] [68 <./images/katz_dose_in_emulsion.pdf>]
<./images/stapor_1988_let_26_Cu_ions.pdf, id=1777, 376.40625pt x 615.29875pt>
File: ./images/stapor_1988_let_26_Cu_ions.pdf Graphic file (type pdf)

<use ./images/stapor_1988_let_26_Cu_ions.pdf>
Package pdftex.def Info: ./images/stapor_1988_let_26_Cu_ions.pdf used on input 
line 1016.
(pdftex.def)             Requested size: 289.07999pt x 472.57974pt.
 [69] [70 <./images/stapor_1988_let_26_Cu_ions.pdf>]
<./images/haran-transistors.png, id=1808, 193.6836pt x 129.1224pt>
File: ./images/haran-transistors.png Graphic file (type png)

<use ./images/haran-transistors.png>
Package pdftex.def Info: ./images/haran-transistors.png used on input line 1041
.
(pdftex.def)             Requested size: 180.67499pt x 120.45694pt.

<./images/haran-sram.png, id=1809, 163.3302pt x 171.039pt>
File: ./images/haran-sram.png Graphic file (type png)

<use ./images/haran-sram.png>
Package pdftex.def Info: ./images/haran-sram.png used on input line 1046.
(pdftex.def)             Requested size: 180.67499pt x 189.20306pt.
 [71 <./images/haran-transistors.png> <./images/haran-sram.png>]) [72]
\openout2 = `tex/chap_3.aux'.

 (./tex/chap_3.tex
Chapter 3.
[73



] <./images/exp_setup.pdf, id=1837, 605.26125pt x 395.4775pt>
File: ./images/exp_setup.pdf Graphic file (type pdf)

<use ./images/exp_setup.pdf>
Package pdftex.def Info: ./images/exp_setup.pdf used on input line 24.
(pdftex.def)             Requested size: 325.215pt x 212.49863pt.
Missing character: There is no Â in font cmr12!
Missing character: There is no ® in font cmr12!
Missing character: There is no Â in font cmr12!
Missing character: There is no ® in font cmr12!
 [74 <./images/exp_setup.pdf>]
<./images/timing_diagram_ppt.pdf, id=1870, 1445.4pt x 1084.05pt>
File: ./images/timing_diagram_ppt.pdf Graphic file (type pdf)

<use ./images/timing_diagram_ppt.pdf>
Package pdftex.def Info: ./images/timing_diagram_ppt.pdf used on input line 42.

(pdftex.def)             Requested size: 325.215pt x 243.90073pt.
 [75]
<./images/aracor_spectrum_elec_fluence.pdf, id=1876, 1445.4pt x 1084.05pt>
File: ./images/aracor_spectrum_elec_fluence.pdf Graphic file (type pdf)

<use ./images/aracor_spectrum_elec_fluence.pdf>
Package pdftex.def Info: ./images/aracor_spectrum_elec_fluence.pdf used on inpu
t line 56.
(pdftex.def)             Requested size: 361.34999pt x 271.01184pt.
 [76 <./images/timing_diagram_ppt.pdf>] [77 <./images/aracor_spectrum_elec_flue
nce.pdf>]
<./images/e-air-50keV-100events_cropped.pdf, id=1931, 140.525pt x 360.34625pt>
File: ./images/e-air-50keV-100events_cropped.pdf Graphic file (type pdf)

<use ./images/e-air-50keV-100events_cropped.pdf>
Package pdftex.def Info: ./images/e-air-50keV-100events_cropped.pdf used on inp
ut line 78.
(pdftex.def)             Requested size: 140.91704pt x 361.34999pt.
 [78 <./images/e-air-50keV-100events_cropped.pdf>]
<./images/image_1_box_2_flat3d.pdf, id=1947, 145.92758pt x 237.3925pt>
File: ./images/image_1_box_2_flat3d.pdf Graphic file (type pdf)

<use ./images/image_1_box_2_flat3d.pdf>
Package pdftex.def Info: ./images/image_1_box_2_flat3d.pdf used on input line 9
5.
(pdftex.def)             Requested size: 271.0125pt x 440.94054pt.

<./images/delta_vot_vs_dose_ppt.pdf, id=1951, 1445.4pt x 1084.05pt>
File: ./images/delta_vot_vs_dose_ppt.pdf Graphic file (type pdf)

<use ./images/delta_vot_vs_dose_ppt.pdf>
Package pdftex.def Info: ./images/delta_vot_vs_dose_ppt.pdf used on input line 
110.
(pdftex.def)             Requested size: 361.34999pt x 271.01184pt.
 [79] [80 <./images/image_1_box_2_flat3d.pdf>] [81 <./images/delta_vot_vs_dose_
ppt.pdf>]
<./images/xray_exp_sram_errors.pdf, id=1999, 1445.4pt x 1084.05pt>
File: ./images/xray_exp_sram_errors.pdf Graphic file (type pdf)

<use ./images/xray_exp_sram_errors.pdf>
Package pdftex.def Info: ./images/xray_exp_sram_errors.pdf used on input line 1
77.
(pdftex.def)             Requested size: 361.34999pt x 271.01184pt.
 [82] [83]
<./images/28nm_sram_bc_cs_vs_modrow_dw_p35v.pdf, id=2019, 1445.4pt x 1084.05pt>
File: ./images/28nm_sram_bc_cs_vs_modrow_dw_p35v.pdf Graphic file (type pdf)
<use ./images/28nm_sram_bc_cs_vs_modrow_dw_p35v.pdf>
Package pdftex.def Info: ./images/28nm_sram_bc_cs_vs_modrow_dw_p35v.pdf used on
 input line 202.
(pdftex.def)             Requested size: 361.34999pt x 271.01184pt.
 [84 <./images/xray_exp_sram_errors.pdf>] [85 <./images/28nm_sram_bc_cs_vs_modr
ow_dw_p35v.pdf>] [86]
<./images/28nm_xray_proton_muon_comp.pdf, id=2063, 1445.4pt x 1084.05pt>
File: ./images/28nm_xray_proton_muon_comp.pdf Graphic file (type pdf)

<use ./images/28nm_xray_proton_muon_comp.pdf>
Package pdftex.def Info: ./images/28nm_xray_proton_muon_comp.pdf used on input 
line 238.
(pdftex.def)             Requested size: 361.34999pt x 271.01184pt.

<./images/45nm_xray_proton_muon_comp.pdf, id=2064, 1445.4pt x 1084.05pt>
File: ./images/45nm_xray_proton_muon_comp.pdf Graphic file (type pdf)

<use ./images/45nm_xray_proton_muon_comp.pdf>
Package pdftex.def Info: ./images/45nm_xray_proton_muon_comp.pdf used on input 
line 245.
(pdftex.def)             Requested size: 361.34999pt x 271.01184pt.
 [87 <./images/28nm_xray_proton_muon_comp.pdf>] [88 <./images/45nm_xray_proton_
muon_comp.pdf>]) [89] [90]
\openout2 = `tex/chap_4.aux'.


(./tex/chap_4.tex
Chapter 4.
[91



]
<./images/full_aracor_spectrum_xrays_ppt.pdf, id=2146, 1445.4pt x 1084.05pt>
File: ./images/full_aracor_spectrum_xrays_ppt.pdf Graphic file (type pdf)

<use ./images/full_aracor_spectrum_xrays_ppt.pdf>
Package pdftex.def Info: ./images/full_aracor_spectrum_xrays_ppt.pdf used on in
put line 33.
(pdftex.def)             Requested size: 361.34999pt x 271.01184pt.
 [92] [93 <./images/full_aracor_spectrum_xrays_ppt.pdf>]
<./images/50-nm-cube-10kev-electron-2pt1kev.png, id=2185, 479.8728pt x 452.4102
pt>
File: ./images/50-nm-cube-10kev-electron-2pt1kev.png Graphic file (type png)
 <use ./images/50-nm-cube-10kev-electron-2pt1kev.png>
Package pdftex.def Info: ./images/50-nm-cube-10kev-electron-2pt1kev.png used on
 input line 55.
(pdftex.def)             Requested size: 234.87749pt x 221.44131pt.

<./images/50-nm-cube-10kev-electron-2pt6kev.png, id=2186, 980.66376pt x 940.513
75pt>
File: ./images/50-nm-cube-10kev-electron-2pt6kev.png Graphic file (type png)
 <use ./images/50-nm-cube-10kev-electron-2pt6kev.png>
Package pdftex.def Info: ./images/50-nm-cube-10kev-electron-2pt6kev.png used on
 input line 59.
(pdftex.def)             Requested size: 234.87749pt x 225.25432pt.
 [94] [95 <./images/50-nm-cube-10kev-electron-2pt1kev.png> <./images/50-nm-cube
-10kev-electron-2pt6kev.png>]
<./images/sim-vs-exp-norm-cross-section.pdf, id=2203, 1445.4pt x 1084.05pt>
File: ./images/sim-vs-exp-norm-cross-section.pdf Graphic file (type pdf)

<use ./images/sim-vs-exp-norm-cross-section.pdf>
Package pdftex.def Info: ./images/sim-vs-exp-norm-cross-section.pdf used on inp
ut line 73.
(pdftex.def)             Requested size: 361.34999pt x 271.01184pt.
 [96 <./images/sim-vs-exp-norm-cross-section.pdf>] [97]
<./images/geo_max_rate_pred_ae8_spec_ppt.pdf, id=2232, 1445.4pt x 1084.05pt>
File: ./images/geo_max_rate_pred_ae8_spec_ppt.pdf Graphic file (type pdf)

<use ./images/geo_max_rate_pred_ae8_spec_ppt.pdf>
Package pdftex.def Info: ./images/geo_max_rate_pred_ae8_spec_ppt.pdf used on in
put line 100.
(pdftex.def)             Requested size: 433.62pt x 325.21751pt.
 [98 <./images/geo_max_rate_pred_ae8_spec_ppt.pdf>]
<./images/jov-eur-elec-flux-env.pdf, id=2257, 1445.4pt x 1084.05pt>
File: ./images/jov-eur-elec-flux-env.pdf Graphic file (type pdf)

<use ./images/jov-eur-elec-flux-env.pdf>
Package pdftex.def Info: ./images/jov-eur-elec-flux-env.pdf used on input line 
120.
(pdftex.def)             Requested size: 433.62pt x 325.21751pt.

<./images/eur-prot-flux-env.pdf, id=2258, 1445.4pt x 1084.05pt>
File: ./images/eur-prot-flux-env.pdf Graphic file (type pdf)

<use ./images/eur-prot-flux-env.pdf>
Package pdftex.def Info: ./images/eur-prot-flux-env.pdf used on input line 128.

(pdftex.def)             Requested size: 433.62pt x 325.21751pt.

<./images/geo_max_rate_pred_ae8_ppt.pdf, id=2260, 1445.4pt x 1084.05pt>
File: ./images/geo_max_rate_pred_ae8_ppt.pdf Graphic file (type pdf)

<use ./images/geo_max_rate_pred_ae8_ppt.pdf>
Package pdftex.def Info: ./images/geo_max_rate_pred_ae8_ppt.pdf used on input l
ine 141.
(pdftex.def)             Requested size: 433.62pt x 325.21751pt.
 [99] [100 <./images/jov-eur-elec-flux-env.pdf>] [101 <./images/eur-prot-flux-e
nv.pdf>] [102 <./images/geo_max_rate_pred_ae8_ppt.pdf>]
<./images/europa-jovian-elec-rate-pred.pdf, id=2328, 1445.4pt x 1084.05pt>
File: ./images/europa-jovian-elec-rate-pred.pdf Graphic file (type pdf)

<use ./images/europa-jovian-elec-rate-pred.pdf>
Package pdftex.def Info: ./images/europa-jovian-elec-rate-pred.pdf used on inpu
t line 161.
(pdftex.def)             Requested size: 433.62pt x 325.21751pt.

<./images/europa-elec-prot-rate-pred.pdf, id=2333, 1445.4pt x 1084.05pt>
File: ./images/europa-elec-prot-rate-pred.pdf Graphic file (type pdf)

<use ./images/europa-elec-prot-rate-pred.pdf>
Package pdftex.def Info: ./images/europa-elec-prot-rate-pred.pdf used on input 
line 171.
(pdftex.def)             Requested size: 433.62pt x 325.21751pt.
 [103] [104 <./images/europa-jovian-elec-rate-pred.pdf>] [105 <./images/europa-
elec-prot-rate-pred.pdf>] [106]
Missing character: There is no â in font cmr12!
Missing character: There is no  in font cmr12!
Missing character: There is no  in font cmr12!

[107]
<./images/560MeVN_track_2_copy_final.png, id=2410, 667.49374pt x 736.7525pt>
File: ./images/560MeVN_track_2_copy_final.png Graphic file (type png)

<use ./images/560MeVN_track_2_copy_final.png>
Package pdftex.def Info: ./images/560MeVN_track_2_copy_final.png used on input 
line 231.
(pdftex.def)             Requested size: 360.11534pt x 397.48499pt.
 [108]
<./images/25_MeVpU_He_energyDist_vs_katz-eps-converted-to.pdf, id=2415, 236.885
pt x 169.63374pt>
File: ./images/25_MeVpU_He_energyDist_vs_katz-eps-converted-to.pdf Graphic file
 (type pdf)

<use ./images/25_MeVpU_He_energyDist_vs_katz-eps-converted-to.pdf>
Package pdftex.def Info: ./images/25_MeVpU_He_energyDist_vs_katz-eps-converted-
to.pdf used on input line 243.
(pdftex.def)             Requested size: 361.34999pt x 258.7726pt.

<./images/25_MeVpU_Ne_energyDist_vs_katz-eps-converted-to.pdf, id=2416, 231.866
26pt x 167.62625pt>
File: ./images/25_MeVpU_Ne_energyDist_vs_katz-eps-converted-to.pdf Graphic file
 (type pdf)

<use ./images/25_MeVpU_Ne_energyDist_vs_katz-eps-converted-to.pdf>
Package pdftex.def Info: ./images/25_MeVpU_Ne_energyDist_vs_katz-eps-converted-
to.pdf used on input line 253.
(pdftex.def)             Requested size: 361.34999pt x 261.258pt.
 [109]
[110] <./images/prob_comp_apl_fig3_ap.pdf, id=2441, 240.65909pt x 170.5572pt>
File: ./images/prob_comp_apl_fig3_ap.pdf Graphic file (type pdf)

<use ./images/prob_comp_apl_fig3_ap.pdf>
Package pdftex.def Info: ./images/prob_comp_apl_fig3_ap.pdf used on input line 
305.
(pdftex.def)             Requested size: 361.34999pt x 256.0928pt.
 [111] [112]) [113] [114 <./images/560MeVN_track_2_copy_final.png>] [115 <./ima
ges/25_MeVpU_He_energyDist_vs_katz-eps-converted-to.pdf>] [116 <./images/25_MeV
pU_Ne_energyDist_vs_katz-eps-converted-to.pdf>] [117 <./images/prob_comp_apl_fi
g3_ap.pdf>]
\openout2 = `tex/chap_5.aux'.

 (./tex/chap_5.tex
Chapter 5.
[118



]) [119] [120] (./king_dissertation_master.bbl [121




]
Underfull \hbox (badness 10000) in paragraph at lines 94--97
[]\OT1/cmr/m/n/12 National Aero-nau-tics and Space Ad-min-is-tra-tion -- Jet Pr
opul-
 []


Underfull \hbox (badness 10000) in paragraph at lines 94--97
\OT1/cmr/m/n/12 sion Lab-o-ra-tory, ``Juno Launch - Press Kit,'' \OT1/cmr/m/it/
12 [On-line]
 []

[122] [123]
Missing character: There is no Î in font cmr12!
Missing character: There is no ¼ in font cmr12!
 [124]
Underfull \hbox (badness 1939) in paragraph at lines 233--235
[]\OT1/cmr/m/n/12 H. Bethe, ``Brems-formel f^^?ur elek-tro-nen rel-a-tivis-tis-
cher geschwindigkeit,''
 []

[125] [126] [127]
Missing character: There is no â in font cmr12!
Missing character: There is no  in font cmr12!
Missing character: There is no  in font cmr12!
Missing character: There is no â in font cmr12!
Missing character: There is no  in font cmr12!
Missing character: There is no  in font cmr12!
 [128] [129]
Missing character: There is no Â in font cmr12!
Missing character: There is no  in font cmr12!
 [130]
Missing character: There is no Î in font cmr12!
Missing character: There is no ´ in font cmr12!
 [131]
Missing character: There is no Î in font cmr12!
Missing character: There is no ¼ in font cmr12!
Missing character: There is no Î in font cmr12!
Missing character: There is no ¼ in font cmr12!
)
Package atveryend Info: Empty hook `BeforeClearDocument' on input line 214.
 [132]
Package atveryend Info: Empty hook `AfterLastShipout' on input line 214.

(./king_dissertation_master.aux (./tex/chap_1.aux) (./tex/chap_2.aux)
(./tex/chap_3.aux) (./tex/chap_4.aux) (./tex/chap_5.aux))
Package atveryend Info: Executing hook `AtVeryEndDocument' on input line 214.
Package atveryend Info: Executing hook `AtEndAfterFileList' on input line 214.
Package rerunfilecheck Info: File `king_dissertation_master.out' has not change
d.
(rerunfilecheck)             Checksum: C9472411A6EC2BFA691A3D23B0AB299B;2455.
Package atveryend Info: Empty hook `AtVeryVeryEnd' on input line 214.
 ) 
Here is how much of TeX's memory you used:
 9490 strings out of 493315
 150776 string characters out of 6137904
 268673 words of memory out of 5000000
 12292 multiletter control sequences out of 15000+600000
 12996 words of font info for 47 fonts, out of 8000000 for 9000
 957 hyphenation exceptions out of 8191
 36i,14n,43p,1030b,437s stack positions out of 5000i,500n,10000p,200000b,80000s
{/usr/local/texlive/2013/texmf-dist/fonts/enc/dvips/cm-super/cm-super-ts1.enc
}</usr/local/texlive/2013/texmf-dist/fonts/type1/public/amsfonts/cm/cmbx12.pfb>
</usr/local/texlive/2013/texmf-dist/fonts/type1/public/amsfonts/cm/cmex10.pfb><
/usr/local/texlive/2013/texmf-dist/fonts/type1/public/amsfonts/cm/cmmi12.pfb></
usr/local/texlive/2013/texmf-dist/fonts/type1/public/amsfonts/cm/cmmi6.pfb></us
r/local/texlive/2013/texmf-dist/fonts/type1/public/amsfonts/cm/cmmi8.pfb></usr/
local/texlive/2013/texmf-dist/fonts/type1/public/amsfonts/cm/cmr10.pfb></usr/lo
cal/texlive/2013/texmf-dist/fonts/type1/public/amsfonts/cm/cmr12.pfb></usr/loca
l/texlive/2013/texmf-dist/fonts/type1/public/amsfonts/cm/cmr6.pfb></usr/local/t
exlive/2013/texmf-dist/fonts/type1/public/amsfonts/cm/cmr8.pfb></usr/local/texl
ive/2013/texmf-dist/fonts/type1/public/amsfonts/cm/cmsl12.pfb></usr/local/texli
ve/2013/texmf-dist/fonts/type1/public/amsfonts/cm/cmsy10.pfb></usr/local/texliv
e/2013/texmf-dist/fonts/type1/public/amsfonts/cm/cmsy6.pfb></usr/local/texlive/
2013/texmf-dist/fonts/type1/public/amsfonts/cm/cmsy8.pfb></usr/local/texlive/20
13/texmf-dist/fonts/type1/public/amsfonts/cm/cmti12.pfb></usr/local/texlive/201
3/texmf-dist/fonts/type1/public/amsfonts/symbols/msbm10.pfb></usr/local/texlive
/2013/texmf-dist/fonts/type1/public/cm-super/sfrm1200.pfb>
Output written on king_dissertation_master.pdf (147 pages, 8007073 bytes).
PDF statistics:
 2751 PDF objects out of 2984 (max. 8388607)
 2283 compressed objects within 23 object streams
 409 named destinations out of 1000 (max. 500000)
 600 words of extra memory for PDF output out of 10000 (max. 10000000)

